<?xml version="1.0" encoding="UTF-8"?>
<testng-results skipped="0" failed="2" ignored="0" total="3" passed="1">
  <reporter-output>
  </reporter-output>
  <suite name="Command line suite" duration-ms="123812" started-at="2018-03-07T08:03:13Z" finished-at="2018-03-07T08:05:17Z">
    <groups>
    </groups>
    <test name="Command line test" duration-ms="123812" started-at="2018-03-07T08:03:13Z" finished-at="2018-03-07T08:05:17Z">
      <class name="Tests.DemoPageTest">
        <test-method status="PASS" signature="setUp()[pri:0, instance:Tests.DemoPageTest@6537cf78]" name="setUp" is-config="true" duration-ms="5343" started-at="2018-03-07T08:03:13Z" finished-at="2018-03-07T08:03:19Z">
          <reporter-output>
          </reporter-output>
        </test-method> <!-- setUp -->
        <test-method status="PASS" signature="shouldGotoRegisterPage()[pri:0, instance:Tests.DemoPageTest@6537cf78]" name="shouldGotoRegisterPage" duration-ms="2228" started-at="2018-03-07T08:03:19Z" finished-at="2018-03-07T08:03:21Z">
          <reporter-output>
          </reporter-output>
        </test-method> <!-- shouldGotoRegisterPage -->
        <test-method status="PASS" signature="tearDown()[pri:0, instance:Tests.DemoPageTest@6537cf78]" name="tearDown" is-config="true" duration-ms="1314" started-at="2018-03-07T08:03:21Z" finished-at="2018-03-07T08:03:22Z">
          <reporter-output>
          </reporter-output>
        </test-method> <!-- tearDown -->
      </class> <!-- Tests.DemoPageTest -->
      <class name="Tests.RestaurantsPageTest">
        <test-method status="PASS" signature="setUp()[pri:0, instance:Tests.RestaurantsPageTest@34b7bfc0]" name="setUp" is-config="true" duration-ms="74298" started-at="2018-03-07T08:03:55Z" finished-at="2018-03-07T08:05:09Z">
          <reporter-output>
          </reporter-output>
        </test-method> <!-- setUp -->
        <test-method status="FAIL" signature="checkHowManyRestaurants()[pri:0, instance:Tests.RestaurantsPageTest@34b7bfc0]" name="checkHowManyRestaurants" duration-ms="6870" started-at="2018-03-07T08:05:09Z" finished-at="2018-03-07T08:05:16Z">
          <exception class="com.codeborne.selenide.ex.ListSizeMismatch">
            <message>
              <![CDATA[: expected: = 91, actual: 0, collection: By.xpath: //*[@class ='ui divided items ui segment']/div
Elements: []]]>
            </message>
            <full-stacktrace>
              <![CDATA[ListSizeMismatch : expected: = 91, actual: 0, collection: By.xpath: //*[@class ='ui divided items ui segment']/div
Elements: []
Screenshot: file:/C:/Users/lwnuk/IdeaProjects/siiamanUI/build/reports/tests/1520409915736.0.png
Page source: file:/C:/Users/lwnuk/IdeaProjects/siiamanUI/build/reports/tests/1520409915736.0.html
Timeout: 6 s.
at com.codeborne.selenide.collections.ListSize.fail(ListSize.java:24)
at com.codeborne.selenide.ElementsCollection.waitUntil(ElementsCollection.java:99)
at com.codeborne.selenide.ElementsCollection.should(ElementsCollection.java:59)
at com.codeborne.selenide.ElementsCollection.shouldHave(ElementsCollection.java:50)
at com.codeborne.selenide.ElementsCollection.shouldHaveSize(ElementsCollection.java:35)
at PageObject.Restaurants.getNumOfRestaurants(Restaurants.java:26)
at Tests.RestaurantsPageTest.checkHowManyRestaurants(RestaurantsPageTest.java:27)
at sun.reflect.NativeMethodAccessorImpl.invoke0(Native Method)
at sun.reflect.NativeMethodAccessorImpl.invoke(NativeMethodAccessorImpl.java:62)
at sun.reflect.DelegatingMethodAccessorImpl.invoke(DelegatingMethodAccessorImpl.java:43)
at java.lang.reflect.Method.invoke(Method.java:498)
at org.testng.internal.MethodInvocationHelper.invokeMethod(MethodInvocationHelper.java:124)
at org.testng.internal.Invoker.invokeMethod(Invoker.java:580)
at org.testng.internal.Invoker.invokeTestMethod(Invoker.java:716)
at org.testng.internal.Invoker.invokeTestMethods(Invoker.java:988)
at org.testng.internal.TestMethodWorker.invokeTestMethods(TestMethodWorker.java:125)
at org.testng.internal.TestMethodWorker.run(TestMethodWorker.java:109)
at org.testng.TestRunner.privateRun(TestRunner.java:648)
at org.testng.TestRunner.run(TestRunner.java:505)
at org.testng.SuiteRunner.runTest(SuiteRunner.java:455)
at org.testng.SuiteRunner.runSequentially(SuiteRunner.java:450)
at org.testng.SuiteRunner.privateRun(SuiteRunner.java:415)
at org.testng.SuiteRunner.run(SuiteRunner.java:364)
at org.testng.SuiteRunnerWorker.runSuite(SuiteRunnerWorker.java:52)
at org.testng.SuiteRunnerWorker.run(SuiteRunnerWorker.java:84)
at org.testng.TestNG.runSuitesSequentially(TestNG.java:1208)
at org.testng.TestNG.runSuitesLocally(TestNG.java:1137)
at org.testng.TestNG.runSuites(TestNG.java:1049)
at org.testng.TestNG.run(TestNG.java:1017)
at org.apache.maven.surefire.testng.TestNGExecutor.run(TestNGExecutor.java:77)
at org.apache.maven.surefire.testng.TestNGDirectoryTestSuite.executeMulti(TestNGDirectoryTestSuite.java:159)
at org.apache.maven.surefire.testng.TestNGDirectoryTestSuite.execute(TestNGDirectoryTestSuite.java:99)
at org.apache.maven.surefire.testng.TestNGProvider.invoke(TestNGProvider.java:106)
at sun.reflect.NativeMethodAccessorImpl.invoke0(Native Method)
at sun.reflect.NativeMethodAccessorImpl.invoke(NativeMethodAccessorImpl.java:62)
at sun.reflect.DelegatingMethodAccessorImpl.invoke(DelegatingMethodAccessorImpl.java:43)
at java.lang.reflect.Method.invoke(Method.java:498)
at org.apache.maven.surefire.util.ReflectionUtils.invokeMethodWithArray(ReflectionUtils.java:189)
at org.apache.maven.surefire.booter.ProviderFactory$ProviderProxy.invoke(ProviderFactory.java:165)
at org.apache.maven.surefire.booter.ProviderFactory.invokeProvider(ProviderFactory.java:85)
at org.apache.maven.surefire.booter.ForkedBooter.runSuitesInProcess(ForkedBooter.java:115)
at org.apache.maven.surefire.booter.ForkedBooter.main(ForkedBooter.java:75)
]]>
            </full-stacktrace>
          </exception> <!-- com.codeborne.selenide.ex.ListSizeMismatch -->
          <reporter-output>
          </reporter-output>
        </test-method> <!-- checkHowManyRestaurants -->
        <test-method status="PASS" signature="tearDown()[pri:0, instance:Tests.RestaurantsPageTest@34b7bfc0]" name="tearDown" is-config="true" duration-ms="1243" started-at="2018-03-07T08:05:16Z" finished-at="2018-03-07T08:05:17Z">
          <reporter-output>
          </reporter-output>
        </test-method> <!-- tearDown -->
      </class> <!-- Tests.RestaurantsPageTest -->
      <class name="Tests.LoginTest">
        <test-method status="PASS" signature="setUp()[pri:0, instance:Tests.LoginTest@67b6d4ae]" name="setUp" is-config="true" duration-ms="4091" started-at="2018-03-07T08:03:22Z" finished-at="2018-03-07T08:03:26Z">
          <reporter-output>
          </reporter-output>
        </test-method> <!-- setUp -->
        <test-method status="FAIL" signature="shouldLogInto()[pri:0, instance:Tests.LoginTest@67b6d4ae]" name="shouldLogInto" duration-ms="27223" started-at="2018-03-07T08:03:26Z" finished-at="2018-03-07T08:03:53Z">
          <exception class="java.lang.AssertionError">
            <message>
              <![CDATA[expected:<http://localhost:8080/siiamanTest/restaurants> but was:<http://localhost:8080/siiamanTest/>]]>
            </message>
            <full-stacktrace>
              <![CDATA[java.lang.AssertionError: expected:<http://localhost:8080/siiamanTest/restaurants> but was:<http://localhost:8080/siiamanTest/>
at org.testng.AssertJUnit.assertEquals(AssertJUnit.java:101)
at org.testng.AssertJUnit.assertEquals(AssertJUnit.java:108)
at Tests.LoginTest.shouldLogInto(LoginTest.java:29)
at sun.reflect.NativeMethodAccessorImpl.invoke0(Native Method)
at sun.reflect.NativeMethodAccessorImpl.invoke(NativeMethodAccessorImpl.java:62)
at sun.reflect.DelegatingMethodAccessorImpl.invoke(DelegatingMethodAccessorImpl.java:43)
at java.lang.reflect.Method.invoke(Method.java:498)
at org.testng.internal.MethodInvocationHelper.invokeMethod(MethodInvocationHelper.java:124)
at org.testng.internal.Invoker.invokeMethod(Invoker.java:580)
at org.testng.internal.Invoker.invokeTestMethod(Invoker.java:716)
at org.testng.internal.Invoker.invokeTestMethods(Invoker.java:988)
at org.testng.internal.TestMethodWorker.invokeTestMethods(TestMethodWorker.java:125)
at org.testng.internal.TestMethodWorker.run(TestMethodWorker.java:109)
at org.testng.TestRunner.privateRun(TestRunner.java:648)
at org.testng.TestRunner.run(TestRunner.java:505)
at org.testng.SuiteRunner.runTest(SuiteRunner.java:455)
at org.testng.SuiteRunner.runSequentially(SuiteRunner.java:450)
at org.testng.SuiteRunner.privateRun(SuiteRunner.java:415)
at org.testng.SuiteRunner.run(SuiteRunner.java:364)
at org.testng.SuiteRunnerWorker.runSuite(SuiteRunnerWorker.java:52)
at org.testng.SuiteRunnerWorker.run(SuiteRunnerWorker.java:84)
at org.testng.TestNG.runSuitesSequentially(TestNG.java:1208)
at org.testng.TestNG.runSuitesLocally(TestNG.java:1137)
at org.testng.TestNG.runSuites(TestNG.java:1049)
at org.testng.TestNG.run(TestNG.java:1017)
at org.apache.maven.surefire.testng.TestNGExecutor.run(TestNGExecutor.java:77)
at org.apache.maven.surefire.testng.TestNGDirectoryTestSuite.executeMulti(TestNGDirectoryTestSuite.java:159)
at org.apache.maven.surefire.testng.TestNGDirectoryTestSuite.execute(TestNGDirectoryTestSuite.java:99)
at org.apache.maven.surefire.testng.TestNGProvider.invoke(TestNGProvider.java:106)
at sun.reflect.NativeMethodAccessorImpl.invoke0(Native Method)
at sun.reflect.NativeMethodAccessorImpl.invoke(NativeMethodAccessorImpl.java:62)
at sun.reflect.DelegatingMethodAccessorImpl.invoke(DelegatingMethodAccessorImpl.java:43)
at java.lang.reflect.Method.invoke(Method.java:498)
at org.apache.maven.surefire.util.ReflectionUtils.invokeMethodWithArray(ReflectionUtils.java:189)
at org.apache.maven.surefire.booter.ProviderFactory$ProviderProxy.invoke(ProviderFactory.java:165)
at org.apache.maven.surefire.booter.ProviderFactory.invokeProvider(ProviderFactory.java:85)
at org.apache.maven.surefire.booter.ForkedBooter.runSuitesInProcess(ForkedBooter.java:115)
at org.apache.maven.surefire.booter.ForkedBooter.main(ForkedBooter.java:75)
]]>
            </full-stacktrace>
          </exception> <!-- java.lang.AssertionError -->
          <reporter-output>
          </reporter-output>
        </test-method> <!-- shouldLogInto -->
        <test-method status="PASS" signature="tearDown()[pri:0, instance:Tests.LoginTest@67b6d4ae]" name="tearDown" is-config="true" duration-ms="1161" started-at="2018-03-07T08:03:53Z" finished-at="2018-03-07T08:03:55Z">
          <reporter-output>
          </reporter-output>
        </test-method> <!-- tearDown -->
      </class> <!-- Tests.LoginTest -->
    </test> <!-- Command line test -->
  </suite> <!-- Command line suite -->
</testng-results>
